{"name": "test_api", "status": "failed", "statusDetails": {"message": "AssertionError: assert 401 == 200\n +  where 401 = <Response [401]>.status_code", "trace": "def test_api():\n        response = get_users()\n    \n        # Validate status code\n>       assert response.status_code == 200\nE       assert 401 == 200\nE        +  where 401 = <Response [401]>.status_code\n\ntests\\test_api.py:7: AssertionError"}, "start": 1726059206840, "stop": 1726059207832, "uuid": "cd672694-b6fa-448a-bc7c-fbe39259abe7", "historyId": "b7c63ae6f95bb37a8d872fe133285bfd", "testCaseId": "b7c63ae6f95bb37a8d872fe133285bfd", "fullName": "tests.test_api#test_api", "labels": [{"name": "parentSuite", "value": "tests"}, {"name": "suite", "value": "test_api"}, {"name": "host", "value": "Holy-Fuck"}, {"name": "thread", "value": "17020-MainThread"}, {"name": "framework", "value": "pytest"}, {"name": "language", "value": "cpython3"}, {"name": "package", "value": "tests.test_api"}]}